INFO	2022/01/20 16:22:20 handleRegisterCustomer started
ERROR	2022/01/20 16:22:20 customers.go:34: handleRegisterCustomer s.customersSvc.RegisterCustomer error: internal error
INFO	2022/01/20 16:27:34 handleRegisterCustomer started
ERROR	2022/01/20 16:27:34 customers.go:34: handleRegisterCustomer s.customersSvc.RegisterCustomer error: internal error
INFO	2022/01/20 16:27:46 handleRegisterCustomer started
INFO	2022/01/20 16:27:47 handleRegisterCustomer finished with any error!

INFO	2022/01/20 16:36:54 handleRegisterCustomer started
ERROR	2022/01/20 16:36:54 customers.go:34: handleRegisterCustomer s.customersSvc.RegisterCustomer error: internal error

INFO	2022/01/20 16:37:04 handleRegisterCustomer started
INFO	2022/01/20 16:37:04 handleRegisterCustomer finished with any error!

INFO	2022/01/21 09:59:09 handleRegisterCustomer started
ERROR	2022/01/21 09:59:10 customers.go:34: handleRegisterCustomer s.customersSvc.RegisterCustomer error: internal error

INFO	2022/01/21 09:59:43 handleRegisterCustomer started
INFO	2022/01/21 09:59:43 handleRegisterCustomer finished with any error!

INFO	2022/01/21 09:59:51 handleTokenForCustomer started
ERROR	2022/01/21 09:59:51 customers.go:67: handleTokenForCustomer s.customersSvc.Token error: internal error

INFO	2022/01/21 09:59:59 handleTokenForCustomer started
INFO	2022/01/21 09:59:59 handleTokenForCustomer finished with any error!

INFO	2022/01/21 10:00:23 handleEditCustomer started
INFO	2022/01/21 10:00:23 handleEditCustomer finished with any error!

INFO	2022/01/21 10:00:32 handleMakeAdmin started

INFO	2022/01/21 10:00:41 handleGetAllCustomers started

INFO	2022/01/21 10:01:02 handleGetAllCustomers started

INFO	2022/01/21 10:01:05 handleGetCustomerByID started

INFO	2022/01/21 10:01:08 handleGetAllCustomers started

INFO	2022/01/21 10:13:16 handleGetMedicines start

INFO	2022/01/21 10:13:18 handleGetMedicines start

INFO	2022/01/21 10:13:22 handleGetMedicines start

INFO	2022/01/21 10:13:24 handleGetMedicines start

INFO	2022/01/21 10:13:42 handleSaveMedicine start

INFO	2022/01/21 10:13:53 handleSaveMedicine start
